04-Jun-2023 21:45:03.504 정보 [main] org.apache.catalina.startup.VersionLoggerListener.log 서버 버전 이름:    Apache Tomcat/10.1.9
04-Jun-2023 21:45:03.519 정보 [main] org.apache.catalina.startup.VersionLoggerListener.log Server 빌드 시각:  May 9 2023 14:30:05 UTC
04-Jun-2023 21:45:03.519 정보 [main] org.apache.catalina.startup.VersionLoggerListener.log Server 버전 번호:  10.1.9.0
04-Jun-2023 21:45:03.520 정보 [main] org.apache.catalina.startup.VersionLoggerListener.log 운영체제 이름:     Mac OS X
04-Jun-2023 21:45:03.520 정보 [main] org.apache.catalina.startup.VersionLoggerListener.log 운영체제 버전:     11.1
04-Jun-2023 21:45:03.520 정보 [main] org.apache.catalina.startup.VersionLoggerListener.log 아키텍처:          x86_64
04-Jun-2023 21:45:03.520 정보 [main] org.apache.catalina.startup.VersionLoggerListener.log 자바 홈:           /Library/Java/JavaVirtualMachines/adoptopenjdk-11.jdk/Contents/Home
04-Jun-2023 21:45:03.520 정보 [main] org.apache.catalina.startup.VersionLoggerListener.log JVM 버전:          11.0.11+9
04-Jun-2023 21:45:03.520 정보 [main] org.apache.catalina.startup.VersionLoggerListener.log JVM 벤더:          AdoptOpenJDK
04-Jun-2023 21:45:03.520 정보 [main] org.apache.catalina.startup.VersionLoggerListener.log CATALINA_BASE:     /Users/park/workspace/lecture/spring/스프링 부트-핵심원리와 활용/apache-tomcat-10.1.9
04-Jun-2023 21:45:03.520 정보 [main] org.apache.catalina.startup.VersionLoggerListener.log CATALINA_HOME:     /Users/park/workspace/lecture/spring/스프링 부트-핵심원리와 활용/apache-tomcat-10.1.9
04-Jun-2023 21:45:03.608 정보 [main] org.apache.catalina.startup.VersionLoggerListener.log 명령 행 아규먼트:  -Djava.util.logging.config.file=/Users/park/workspace/lecture/spring/스프링 부트-핵심원리와 활용/apache-tomcat-10.1.9/conf/logging.properties
04-Jun-2023 21:45:03.609 정보 [main] org.apache.catalina.startup.VersionLoggerListener.log 명령 행 아규먼트:  -Djava.util.logging.manager=org.apache.juli.ClassLoaderLogManager
04-Jun-2023 21:45:03.610 정보 [main] org.apache.catalina.startup.VersionLoggerListener.log 명령 행 아규먼트:  -Djdk.tls.ephemeralDHKeySize=2048
04-Jun-2023 21:45:03.610 정보 [main] org.apache.catalina.startup.VersionLoggerListener.log 명령 행 아규먼트:  -Djava.protocol.handler.pkgs=org.apache.catalina.webresources
04-Jun-2023 21:45:03.610 정보 [main] org.apache.catalina.startup.VersionLoggerListener.log 명령 행 아규먼트:  -Dorg.apache.catalina.security.SecurityListener.UMASK=0027
04-Jun-2023 21:45:03.610 정보 [main] org.apache.catalina.startup.VersionLoggerListener.log 명령 행 아규먼트:  --add-opens=java.base/java.lang=ALL-UNNAMED
04-Jun-2023 21:45:03.610 정보 [main] org.apache.catalina.startup.VersionLoggerListener.log 명령 행 아규먼트:  --add-opens=java.base/java.io=ALL-UNNAMED
04-Jun-2023 21:45:03.610 정보 [main] org.apache.catalina.startup.VersionLoggerListener.log 명령 행 아규먼트:  --add-opens=java.base/java.util=ALL-UNNAMED
04-Jun-2023 21:45:03.610 정보 [main] org.apache.catalina.startup.VersionLoggerListener.log 명령 행 아규먼트:  --add-opens=java.base/java.util.concurrent=ALL-UNNAMED
04-Jun-2023 21:45:03.611 정보 [main] org.apache.catalina.startup.VersionLoggerListener.log 명령 행 아규먼트:  --add-opens=java.rmi/sun.rmi.transport=ALL-UNNAMED
04-Jun-2023 21:45:03.611 정보 [main] org.apache.catalina.startup.VersionLoggerListener.log 명령 행 아규먼트:  -Dcatalina.base=/Users/park/workspace/lecture/spring/스프링 부트-핵심원리와 활용/apache-tomcat-10.1.9
04-Jun-2023 21:45:03.611 정보 [main] org.apache.catalina.startup.VersionLoggerListener.log 명령 행 아규먼트:  -Dcatalina.home=/Users/park/workspace/lecture/spring/스프링 부트-핵심원리와 활용/apache-tomcat-10.1.9
04-Jun-2023 21:45:03.611 정보 [main] org.apache.catalina.startup.VersionLoggerListener.log 명령 행 아규먼트:  -Djava.io.tmpdir=/Users/park/workspace/lecture/spring/스프링 부트-핵심원리와 활용/apache-tomcat-10.1.9/temp
04-Jun-2023 21:45:03.619 정보 [main] org.apache.catalina.core.AprLifecycleListener.lifecycleEvent 프로덕션 환경들에서 최적의 성능을 제공하는, APR 기반 Apache Tomcat Native 라이브러리가, 다음 java.library.path에서 발견되지 않습니다: [/Users/park/Library/Java/Extensions:/Library/Java/Extensions:/Network/Library/Java/Extensions:/System/Library/Java/Extensions:/usr/lib/java:.]
04-Jun-2023 21:45:04.313 정보 [main] org.apache.coyote.AbstractProtocol.init 프로토콜 핸들러 ["http-nio-8080"]을(를) 초기화합니다.
04-Jun-2023 21:45:04.429 정보 [main] org.apache.catalina.startup.Catalina.load [1453] 밀리초 내에 서버가 초기화되었습니다.
04-Jun-2023 21:45:04.566 정보 [main] org.apache.catalina.core.StandardService.startInternal 서비스 [Catalina]을(를) 시작합니다.
04-Jun-2023 21:45:04.567 정보 [main] org.apache.catalina.core.StandardEngine.startInternal 서버 엔진을 시작합니다: [Apache Tomcat/10.1.9]
04-Jun-2023 21:45:04.604 정보 [main] org.apache.catalina.startup.HostConfig.deployDirectory 웹 애플리케이션 디렉토리 [/Users/park/workspace/lecture/spring/스프링 부트-핵심원리와 활용/apache-tomcat-10.1.9/webapps/docs]을(를) 배치합니다.
04-Jun-2023 21:45:05.463 정보 [main] org.apache.catalina.startup.HostConfig.deployDirectory 웹 애플리케이션 디렉토리 [/Users/park/workspace/lecture/spring/스프링 부트-핵심원리와 활용/apache-tomcat-10.1.9/webapps/docs]에 대한 배치가 [854] 밀리초에 완료되었습니다.
04-Jun-2023 21:45:05.465 정보 [main] org.apache.catalina.startup.HostConfig.deployDirectory 웹 애플리케이션 디렉토리 [/Users/park/workspace/lecture/spring/스프링 부트-핵심원리와 활용/apache-tomcat-10.1.9/webapps/manager]을(를) 배치합니다.
04-Jun-2023 21:45:05.555 정보 [main] org.apache.catalina.startup.HostConfig.deployDirectory 웹 애플리케이션 디렉토리 [/Users/park/workspace/lecture/spring/스프링 부트-핵심원리와 활용/apache-tomcat-10.1.9/webapps/manager]에 대한 배치가 [91] 밀리초에 완료되었습니다.
04-Jun-2023 21:45:05.557 정보 [main] org.apache.catalina.startup.HostConfig.deployDirectory 웹 애플리케이션 디렉토리 [/Users/park/workspace/lecture/spring/스프링 부트-핵심원리와 활용/apache-tomcat-10.1.9/webapps/examples]을(를) 배치합니다.
04-Jun-2023 21:45:06.216 정보 [main] org.apache.catalina.startup.HostConfig.deployDirectory 웹 애플리케이션 디렉토리 [/Users/park/workspace/lecture/spring/스프링 부트-핵심원리와 활용/apache-tomcat-10.1.9/webapps/examples]에 대한 배치가 [659] 밀리초에 완료되었습니다.
04-Jun-2023 21:45:06.217 정보 [main] org.apache.catalina.startup.HostConfig.deployDirectory 웹 애플리케이션 디렉토리 [/Users/park/workspace/lecture/spring/스프링 부트-핵심원리와 활용/apache-tomcat-10.1.9/webapps/ROOT]을(를) 배치합니다.
04-Jun-2023 21:45:06.272 정보 [main] org.apache.catalina.startup.HostConfig.deployDirectory 웹 애플리케이션 디렉토리 [/Users/park/workspace/lecture/spring/스프링 부트-핵심원리와 활용/apache-tomcat-10.1.9/webapps/ROOT]에 대한 배치가 [55] 밀리초에 완료되었습니다.
04-Jun-2023 21:45:06.272 정보 [main] org.apache.catalina.startup.HostConfig.deployDirectory 웹 애플리케이션 디렉토리 [/Users/park/workspace/lecture/spring/스프링 부트-핵심원리와 활용/apache-tomcat-10.1.9/webapps/host-manager]을(를) 배치합니다.
04-Jun-2023 21:45:06.321 정보 [main] org.apache.catalina.startup.HostConfig.deployDirectory 웹 애플리케이션 디렉토리 [/Users/park/workspace/lecture/spring/스프링 부트-핵심원리와 활용/apache-tomcat-10.1.9/webapps/host-manager]에 대한 배치가 [48] 밀리초에 완료되었습니다.
04-Jun-2023 21:45:06.343 정보 [main] org.apache.coyote.AbstractProtocol.start 프로토콜 핸들러 ["http-nio-8080"]을(를) 시작합니다.
04-Jun-2023 21:45:06.365 정보 [main] org.apache.catalina.startup.Catalina.start 서버가 [1935] 밀리초 내에 시작되었습니다.
